**********DEPLOY**************
 ** [out :: example.com] /home/root/production/shared/bundle/ruby/2.1.0/extensions/x86-linux/2.1.0-static/libv8-3.16.14.3
 ** [out :: example.com] /home/root/production/shared/bundle/ruby/2.1.0/extensions/x86-linux/2.1.0-static/libv8-3.16.14.3
 ** [out :: example.com] Gem::Ext::BuildError: ERROR: Failed to build gem native extension.
 ** [out :: example.com]
 ** [out :: example.com] /usr/local/bin/ruby -r ./siteconf20140829-15029-18w81c2.rb extconf.rb
 ** [out :: example.com] creating Makefile
 ** [out :: example.com] Compiling v8 for ia32
 ** [out :: example.com] Using python 2.7.8
 ** [out :: example.com] Using compiler: /usr/bin/g++
 ** [out :: example.com] Traceback (most recent call last):
 ** [out :: example.com] File "../../tools/js2c.py", line 36, in <module>
 ** [out :: example.com] import bz2
 ** [out :: example.com] ImportError: No module named bz2
 ** [out :: example.com] gmake[1]: *** [/home/root/production/shared/bundle/ruby/2.1.0/gems/libv8-3.16.14.3/vendor/v8/out/ia32.release/obj/gen/libraries.cc] エラー 1
 ** [out :: example.com] gmake: *** [ia32.release] エラー 2
 ** [out :: example.com] GYP_GENERATORS=make \
 ** [out :: example.com] build/gyp/gyp --generator-output="out" build/all.gyp \
 ** [out :: example.com] -Ibuild/standalone.gypi --depth=. \
 ** [out :: example.com] -Dv8_target_arch=ia32 \
 ** [out :: example.com] -S.ia32  -Dv8_enable_backtrace=1 -Dv8_can_use_vfp2_instructions=true -Darm_fpu=vfpv2 -Dv8_can_use_vfp3_instructions=true -Darm_fpu=vfpv3
 ** [out :: example.com] gmake[1]: ディレクトリ `/home/root/production/shared/bundle/ruby/2.1.0/gems/libv8-3.16.14.3/vendor/v8/out' に入ります
 ** [out :: example.com] CXX(target) /home/root/production/shared/bundle/ruby/2.1.0/gems/libv8-3.16.14.3/vendor/v8/out/ia32.release/obj.target/preparser_lib/src/allocation.o


 /usr/local/lib/ruby/gems/2.1.0/gems/libv8-3.16.14.3/vendor/gyp/tools
Building native extensions.  This could take a while...
/usr/local/lib/ruby/gems/2.1.0/extensions/x86-linux/2.1.0-static/libv8-3.16.14.3
/usr/local/lib/ruby/gems/2.1.0/extensions/x86-linux/2.1.0-static/libv8-3.16.14.3
ERROR:  Error installing therubyracer:
        ERROR: Failed to build gem native extension.

    /usr/local/bin/ruby -r ./siteconf20140829-28305-nwgwvp.rb extconf.rb
creating Makefile
Compiling v8 for ia32
Using python 2.7.8
Using compiler: /usr/bin/g++
Traceback (most recent call last):
  File "../../tools/js2c.py", line 36, in <module>
    import bz2
ImportError: No module named bz2
gmake[1]: *** [/usr/local/lib/ruby/gems/2.1.0/gems/libv8-3.16.14.3/vendor/v8/out/ia32.release/obj/gen/libraries.cc] エラー 1
gmake: *** [ia32.release] エラー 2
GYP_GENERATORS=make \
        build/gyp/gyp --generator-output="out" build/all.gyp \
                      -Ibuild/standalone.gypi --depth=. \
                      -Dv8_target_arch=ia32 \
                      -S.ia32  -Dv8_enable_backtrace=1 -Dv8_can_use_vfp2_instructions=true -Darm_fpu=vfpv2 -Dv8_can_use_vfp3_instructions=true -Darm_fpu=vfpv3
gmake[1]: ディレクトリ `/usr/local/lib/ruby/gems/2.1.0/gems/libv8-3.16.14.3/vendor/v8/out' に入ります
  CXX(target) /usr/local/lib/ruby/gems/2.1.0/gems/libv8-3.16.14.3/vendor/v8/out/ia32.release/obj.target/preparser_lib/src/allocation.o


  CXX(target) /usr/local/lib/ruby/gems/2.1.0/gems/libv8-3.16.14.3/vendor/v8/out/ia32.release/obj.target/v8_base/src/platform-posix.o
  AR(target) /usr/local/lib/ruby/gems/2.1.0/gems/libv8-3.16.14.3/vendor/v8/out/ia32.release/obj.target/tools/gyp/libv8_base.a
  ACTION tools_gyp_v8_gyp_js2c_target_js2c /usr/local/lib/ruby/gems/2.1.0/gems/libv8-3.16.14.3/vendor/v8/out/ia32.release/obj/gen/libraries.cc
gmake[1]: ディレクトリ `/usr/local/lib/ruby/gems/2.1.0/gems/libv8-3.16.14.3/vendor/v8/out' から出ます
/usr/local/lib/ruby/gems/2.1.0/gems/libv8-3.16.14.3/ext/libv8/location.rb:36:in `block in verify_installation!': libv8 did not install properly, expected binary v8 archive '/usr/local/lib/ruby/gems/2.1.0/gems/libv8-3.16.14.3/vendor/v8/out/ia32.release/obj.target/tools/gyp/libv8_snapshot.a'to exist, but it was not found (Libv8::Location::Vendor::ArchiveNotFound)
        from /usr/local/lib/ruby/gems/2.1.0/gems/libv8-3.16.14.3/ext/libv8/location.rb:35:in `each'
        from /usr/local/lib/ruby/gems/2.1.0/gems/libv8-3.16.14.3/ext/libv8/location.rb:35:in `verify_installation!'
        from /usr/local/lib/ruby/gems/2.1.0/gems/libv8-3.16.14.3/ext/libv8/location.rb:26:in `install!'
        from extconf.rb:7:in `<main>'

extconf failed, exit code 1

Gem files will remain installed in /usr/local/lib/ruby/gems/2.1.0/gems/libv8-3.16.14.3 for inspection.
Results logged to /usr/local/lib/ruby/gems/2.1.0/extensions/x86-linux/2.1.0-static/libv8-3.16.14.3/gem_make.out
Gems updated: libv8 libv8


yumしないといけない
Python build finished, but the necessary bits to build these modules were not found:
_tkinter           bsddb185           gdbm
sunaudiodev

 bugfix)
 yumしたあと、サイドpythonをconfigureしてmake installで解決
 →gem update && gem cleanup
 で完了 
 ~~~~~~


  ** [out :: example.com] AR(target) /home/root/production/shared/bundle/ruby/2.1.0/gems/libv8-3.16.14.3/vendor/v8/out/ia32.release/obj.target/tools/gyp/libv8_base.a
 ** [out :: example.com] ACTION tools_gyp_v8_gyp_js2c_target_js2c /home/root/production/shared/bundle/ruby/2.1.0/gems/libv8-3.16.14.3/vendor/v8/out/ia32.release/obj/gen/libraries.cc
 ** [out :: example.com] gmake[1]: ディレクトリ `/home/root/production/shared/bundle/ruby/2.1.0/gems/libv8-3.16.14.3/vendor/v8/out' から出ます
 ** [out :: example.com] /home/root/production/shared/bundle/ruby/2.1.0/gems/libv8-3.16.14.3/ext/libv8/location.rb:36:in `block in verify_installation!': libv8 did not install properly, expected binary v8 archive '/home/root/production/shared/bundle/ruby/2.1.0/gems/libv8-3.16.14.3/vendor/v8/out/ia32.release/obj.target/tools/gyp/libv8_snapshot.a'to exist, but it was not found (Libv8::Location::Vendor::ArchiveNotFound)
 ** [out :: example.com] from /home/root/production/shared/bundle/ruby/2.1.0/gems/libv8-3.16.14.3/ext/libv8/location.rb:35:in `each'
 ** [out :: example.com] from /home/root/production/shared/bundle/ruby/2.1.0/gems/libv8-3.16.14.3/ext/libv8/location.rb:35:in `verify_installation!'
 ** [out :: example.com] from /home/root/production/shared/bundle/ruby/2.1.0/gems/libv8-3.16.14.3/ext/libv8/location.rb:26:in `install!'
 ** [out :: example.com] from extconf.rb:7:in `<main>'
 ** [out :: example.com]
 ** [out :: example.com] extconf failed, exit code 1
 ** [out :: example.com]
 ** [out :: example.com] Gem files will remain installed in /home/root/production/shared/bundle/ruby/2.1.0/gems/libv8-3.16.14.3 for inspection.
 ** [out :: example.com] Results logged to /home/root/production/shared/bundle/ruby/2.1.0/extensions/x86-linux/2.1.0-static/libv8-3.16.14.3/gem_make.out
 ** [out :: example.com] An error occurred while installing libv8 (3.16.14.3), and Bundler cannot
 ** [out :: example.com] continue.
 ** [out :: example.com] Make sure that `gem install libv8 -v '3.16.14.3'` succeeds before bundling.
    command finished in 366147ms
*** [deploy:update_code] rolling back
  * executing "rm -rf /home/root/production/releases/20140902181510; true"
    servers: ["example.com"]
    [example.com] executing command
    command finished in 173ms
failed: "sh -c 'cd /home/root/production/releases/20140902181510 && bundle install --gemfile /home/root/production/releases/20140902181510/Gemfile --path /home/root/production/shared/bundle --deployment --quiet --without development test'" on example.com

bugfix)


**********CAPISTRANO***********
/usr/local/lib/ruby/site_ruby/2.1.0/rubygems/core_ext/kernel_require.rb:54:in `require': cannot load such file -- capistrano/setup (LoadError)
        from /usr/local/lib/ruby/site_ruby/2.1.0/rubygems/core_ext/kernel_require.rb:54:in `require'
        from /usr/local/lib/ruby/gems/2.1.0/gems/capistrano-2.15.5/lib/capistrano/configuration/loading.rb:152:in `require'
        from Capfile:2:in `load'
        from /usr/local/lib/ruby/gems/2.1.0/gems/capistrano-2.15.5/lib/capistrano/configuration/loading.rb:93:in `instance_eval'
        from /usr/local/lib/ruby/gems/2.1.0/gems/capistrano-2.15.5/lib/capistrano/configuration/loading.rb:93:in `load'
        from /usr/local/lib/ruby/gems/2.1.0/gems/capistrano-2.15.5/lib/capistrano/configuration/loading.rb:180:in `load_from_file'
        from /usr/local/lib/ruby/gems/2.1.0/gems/capistrano-2.15.5/lib/capistrano/configuration/loading.rb:89:in `load'
        from /usr/local/lib/ruby/gems/2.1.0/gems/capistrano-2.15.5/lib/capistrano/configuration/loading.rb:86:in `block in load'
        from /usr/local/lib/ruby/gems/2.1.0/gems/capistrano-2.15.5/lib/capistrano/configuration/loading.rb:86:in `each'
        from /usr/local/lib/ruby/gems/2.1.0/gems/capistrano-2.15.5/lib/capistrano/configuration/loading.rb:86:in `load'
        from /usr/local/lib/ruby/gems/2.1.0/gems/capistrano-2.15.5/lib/capistrano/cli/execute.rb:65:in `block in load_recipes'
        from /usr/local/lib/ruby/gems/2.1.0/gems/capistrano-2.15.5/lib/capistrano/cli/execute.rb:65:in `each'
        from /usr/local/lib/ruby/gems/2.1.0/gems/capistrano-2.15.5/lib/capistrano/cli/execute.rb:65:in `load_recipes'
        from /usr/local/lib/ruby/gems/2.1.0/gems/capistrano-2.15.5/lib/capistrano/cli/execute.rb:31:in `execute!'
        from /usr/local/lib/ruby/gems/2.1.0/gems/capistrano-2.15.5/lib/capistrano/cli/execute.rb:14:in `execute'
        from /usr/local/lib/ruby/gems/2.1.0/gems/capistrano-2.15.5/bin/cap:4:in `<top (required)>'
        from /usr/local/bin/cap:23:in `load'
        from /usr/local/bin/cap:23:in `<main>'

bugfix)
コメントアウト

/usr/local/lib/ruby/gems/2.1.0/gems/capistrano-2.15.5/lib/capistrano/configuration/variables.rb:122:in `method_missing_with_variables': undefined method `lock' for #<Capistrano::Configuration:0x1814240> (NoMethodError)
        from ./config/deploy.rb:4:in `load'
        from /usr/local/lib/ruby/gems/2.1.0/gems/capistrano-2.15.5/lib/capistrano/configuration/loading.rb:93:in `instance_eval'
        from /usr/local/lib/ruby/gems/2.1.0/gems/capistrano-2.15.5/lib/capistrano/configuration/loading.rb:93:in `load'
        from /usr/local/lib/ruby/gems/2.1.0/gems/capistrano-2.15.5/lib/capistrano/configuration/loading.rb:180:in `load_from_file'
        from /usr/local/lib/ruby/gems/2.1.0/gems/capistrano-2.15.5/lib/capistrano/configuration/loading.rb:89:in `load'
        from /usr/local/lib/ruby/gems/2.1.0/gems/capistrano-2.15.5/lib/capistrano/configuration/loading.rb:86:in `block in load'
        from /usr/local/lib/ruby/gems/2.1.0/gems/capistrano-2.15.5/lib/capistrano/configuration/loading.rb:86:in `each'
        from /usr/local/lib/ruby/gems/2.1.0/gems/capistrano-2.15.5/lib/capistrano/configuration/loading.rb:86:in `load'
        from Capfile:5:in `load'
        from /usr/local/lib/ruby/gems/2.1.0/gems/capistrano-2.15.5/lib/capistrano/configuration/loading.rb:93:in `instance_eval'
        from /usr/local/lib/ruby/gems/2.1.0/gems/capistrano-2.15.5/lib/capistrano/configuration/loading.rb:93:in `load'
        from /usr/local/lib/ruby/gems/2.1.0/gems/capistrano-2.15.5/lib/capistrano/configuration/loading.rb:180:in `load_from_file'
        from /usr/local/lib/ruby/gems/2.1.0/gems/capistrano-2.15.5/lib/capistrano/configuration/loading.rb:89:in `load'
        from /usr/local/lib/ruby/gems/2.1.0/gems/capistrano-2.15.5/lib/capistrano/configuration/loading.rb:86:in `block in load'
        from /usr/local/lib/ruby/gems/2.1.0/gems/capistrano-2.15.5/lib/capistrano/configuration/loading.rb:86:in `each'
        from /usr/local/lib/ruby/gems/2.1.0/gems/capistrano-2.15.5/lib/capistrano/configuration/loading.rb:86:in `load'
        from /usr/local/lib/ruby/gems/2.1.0/gems/capistrano-2.15.5/lib/capistrano/cli/execute.rb:65:in `block in load_recipes'
        from /usr/local/lib/ruby/gems/2.1.0/gems/capistrano-2.15.5/lib/capistrano/cli/execute.rb:65:in `each'
        from /usr/local/lib/ruby/gems/2.1.0/gems/capistrano-2.15.5/lib/capistrano/cli/execute.rb:65:in `load_recipes'
        from /usr/local/lib/ruby/gems/2.1.0/gems/capistrano-2.15.5/lib/capistrano/cli/execute.rb:31:in `execute!'
        from /usr/local/lib/ruby/gems/2.1.0/gems/capistrano-2.15.5/lib/capistrano/cli/execute.rb:14:in `execute'
        from /usr/local/lib/ruby/gems/2.1.0/gems/capistrano-2.15.5/bin/cap:4:in `<top (required)>'
        from /usr/local/bin/cap:23:in `load'
        from /usr/local/bin/cap:23:in `<main>'

bugfix)
コメントアウト

/usr/local/lib/ruby/gems/2.1.0/gems/capistrano-2.15.5/lib/capistrano/configuration/variables.rb:122:in `method_missing_with_variables': undefined local variable or method `user' for #<Capistrano::Configuration:0x1cdc2dc> (NameError)
        from ./config/deploy.rb:24:in `load'
        from /usr/local/lib/ruby/gems/2.1.0/gems/capistrano-2.15.5/lib/capistrano/configuration/loading.rb:93:in `instance_eval'
        from /usr/local/lib/ruby/gems/2.1.0/gems/capistrano-2.15.5/lib/capistrano/configuration/loading.rb:93:in `load'
        from /usr/local/lib/ruby/gems/2.1.0/gems/capistrano-2.15.5/lib/capistrano/configuration/loading.rb:180:in `load_from_file'
        from /usr/local/lib/ruby/gems/2.1.0/gems/capistrano-2.15.5/lib/capistrano/configuration/loading.rb:89:in `load'
        from /usr/local/lib/ruby/gems/2.1.0/gems/capistrano-2.15.5/lib/capistrano/configuration/loading.rb:86:in `block in load'
        from /usr/local/lib/ruby/gems/2.1.0/gems/capistrano-2.15.5/lib/capistrano/configuration/loading.rb:86:in `each'
        from /usr/local/lib/ruby/gems/2.1.0/gems/capistrano-2.15.5/lib/capistrano/configuration/loading.rb:86:in `load'
        from Capfile:5:in `load'
        from /usr/local/lib/ruby/gems/2.1.0/gems/capistrano-2.15.5/lib/capistrano/configuration/loading.rb:93:in `instance_eval'
        from /usr/local/lib/ruby/gems/2.1.0/gems/capistrano-2.15.5/lib/capistrano/configuration/loading.rb:93:in `load'
        from /usr/local/lib/ruby/gems/2.1.0/gems/capistrano-2.15.5/lib/capistrano/configuration/loading.rb:180:in `load_from_file'
        from /usr/local/lib/ruby/gems/2.1.0/gems/capistrano-2.15.5/lib/capistrano/configuration/loading.rb:89:in `load'
        from /usr/local/lib/ruby/gems/2.1.0/gems/capistrano-2.15.5/lib/capistrano/configuration/loading.rb:86:in `block in load'
        from /usr/local/lib/ruby/gems/2.1.0/gems/capistrano-2.15.5/lib/capistrano/configuration/loading.rb:86:in `each'
        from /usr/local/lib/ruby/gems/2.1.0/gems/capistrano-2.15.5/lib/capistrano/configuration/loading.rb:86:in `load'
        from /usr/local/lib/ruby/gems/2.1.0/gems/capistrano-2.15.5/lib/capistrano/cli/execute.rb:65:in `block in load_recipes'
        from /usr/local/lib/ruby/gems/2.1.0/gems/capistrano-2.15.5/lib/capistrano/cli/execute.rb:65:in `each'
        from /usr/local/lib/ruby/gems/2.1.0/gems/capistrano-2.15.5/lib/capistrano/cli/execute.rb:65:in `load_recipes'
        from /usr/local/lib/ruby/gems/2.1.0/gems/capistrano-2.15.5/lib/capistrano/cli/execute.rb:31:in `execute!'
        from /usr/local/lib/ruby/gems/2.1.0/gems/capistrano-2.15.5/lib/capistrano/cli/execute.rb:14:in `execute'
        from /usr/local/lib/ruby/gems/2.1.0/gems/capistrano-2.15.5/bin/cap:4:in `<top (required)>'
        from /usr/local/bin/cap:23:in `load'
        from /usr/local/bin/cap:23:in `<main>'

bugfix)
set :user, "bastion"に修正

/usr/local/lib/ruby/gems/2.1.0/gems/capistrano-2.15.5/lib/capistrano/configuration/connections.rb 60行目を以下に修正
local_host = ServerDefinition.new("127.0.0.1", :user => server.user, :port => gateway_for(server).open(server.host, server.port || @options[:ssh_options][:port] || 22))

/usr/local/lib/ruby/gems/2.1.0/gems/capistrano-2.15.5/lib/capistrano/configuration/callbacks.rb:105:in `on': please specify only a task name or a block, but not both (ArgumentError)
        from /usr/local/lib/ruby/gems/2.1.0/gems/capistrano-2.15.5/lib/capistrano/configuration/callbacks.rb:67:in `after'
        from /usr/local/lib/ruby/gems/2.1.0/gems/capistrano-2.15.5/lib/capistrano/configuration/namespaces.rb:191:in `method_missing'
        from ./config/deploy.rb:62:in `block in load'
        from /usr/local/lib/ruby/gems/2.1.0/gems/capistrano-2.15.5/lib/capistrano/configuration/namespaces.rb:76:in `instance_eval'
        from /usr/local/lib/ruby/gems/2.1.0/gems/capistrano-2.15.5/lib/capistrano/configuration/namespaces.rb:76:in `namespace'
        from ./config/deploy.rb:50:in `load'
        from /usr/local/lib/ruby/gems/2.1.0/gems/capistrano-2.15.5/lib/capistrano/configuration/loading.rb:93:in `instance_eval'
        from /usr/local/lib/ruby/gems/2.1.0/gems/capistrano-2.15.5/lib/capistrano/configuration/loading.rb:93:in `load'
        from /usr/local/lib/ruby/gems/2.1.0/gems/capistrano-2.15.5/lib/capistrano/configuration/loading.rb:180:in `load_from_file'
        from /usr/local/lib/ruby/gems/2.1.0/gems/capistrano-2.15.5/lib/capistrano/configuration/loading.rb:89:in `load'
        from /usr/local/lib/ruby/gems/2.1.0/gems/capistrano-2.15.5/lib/capistrano/configuration/loading.rb:86:in `block in load'
        from /usr/local/lib/ruby/gems/2.1.0/gems/capistrano-2.15.5/lib/capistrano/configuration/loading.rb:86:in `each'
        from /usr/local/lib/ruby/gems/2.1.0/gems/capistrano-2.15.5/lib/capistrano/configuration/loading.rb:86:in `load'
        from Capfile:5:in `load'
        from /usr/local/lib/ruby/gems/2.1.0/gems/capistrano-2.15.5/lib/capistrano/configuration/loading.rb:93:in `instance_eval'
        from /usr/local/lib/ruby/gems/2.1.0/gems/capistrano-2.15.5/lib/capistrano/configuration/loading.rb:93:in `load'
        from /usr/local/lib/ruby/gems/2.1.0/gems/capistrano-2.15.5/lib/capistrano/configuration/loading.rb:180:in `load_from_file'
        from /usr/local/lib/ruby/gems/2.1.0/gems/capistrano-2.15.5/lib/capistrano/configuration/loading.rb:89:in `load'
        from /usr/local/lib/ruby/gems/2.1.0/gems/capistrano-2.15.5/lib/capistrano/configuration/loading.rb:86:in `block in load'
        from /usr/local/lib/ruby/gems/2.1.0/gems/capistrano-2.15.5/lib/capistrano/configuration/loading.rb:86:in `each'
        from /usr/local/lib/ruby/gems/2.1.0/gems/capistrano-2.15.5/lib/capistrano/configuration/loading.rb:86:in `load'
        from /usr/local/lib/ruby/gems/2.1.0/gems/capistrano-2.15.5/lib/capistrano/cli/execute.rb:65:in `block in load_recipes'
        from /usr/local/lib/ruby/gems/2.1.0/gems/capistrano-2.15.5/lib/capistrano/cli/execute.rb:65:in `each'
        from /usr/local/lib/ruby/gems/2.1.0/gems/capistrano-2.15.5/lib/capistrano/cli/execute.rb:65:in `load_recipes'
        from /usr/local/lib/ruby/gems/2.1.0/gems/capistrano-2.15.5/lib/capistrano/cli/execute.rb:31:in `execute!'
        from /usr/local/lib/ruby/gems/2.1.0/gems/capistrano-2.15.5/lib/capistrano/cli/execute.rb:14:in `execute'
        from /usr/local/lib/ruby/gems/2.1.0/gems/capistrano-2.15.5/bin/cap:4:in `<top (required)>'
        from /usr/local/bin/cap:23:in `load'
        from /usr/local/bin/cap:23:in `<main>'

bugfix)
コメントアウトした

  * 2014-08-28 16:43:53 executing `deploy:setup'
  * executing "mkdir -p /home/bastion/production /home/bastion/production/releases /home/bastion/production/shared /home/bastion/production/shared/system /home/bastion/production/shared/log /home/bastion/production/shared/pids"
    servers: ["example.com"]
connection failed for: example.com (Errno::ENETUNREACH: Network is unreachable - connect(2) for "example.com" port 22)

dealing)
port:22 => port:80に変更

  * 2014-08-28 17:05:50 executing `deploy:setup'
  * executing "mkdir -p /home/admin/production /home/admin/production/releases /home/admin/production/shared /home/admin/production/shared/system /home/admin/production/shared/log /home/admin/production/shared/pids"
    servers: ["example.com"]
connection failed for: example.com (Net::SSH::Disconnect: connection closed by remote host)

dealing)
set :gateway, "example.com"を追加した

/usr/local/lib/ruby/gems/2.1.0/gems/net-ssh-2.9.1/lib/net/ssh/transport/server_version.rb:50:in `rescue in block (2 levels) in negotiate!': connection closed by remote host (Net::SSH::Disconnect)
        from /usr/local/lib/ruby/gems/2.1.0/gems/net-ssh-2.9.1/lib/net/ssh/transport/server_version.rb:46:in `block (2 levels) in negotiate!'
        from /usr/local/lib/ruby/gems/2.1.0/gems/net-ssh-2.9.1/lib/net/ssh/transport/server_version.rb:45:in `loop'
        from /usr/local/lib/ruby/gems/2.1.0/gems/net-ssh-2.9.1/lib/net/ssh/transport/server_version.rb:45:in `block in negotiate!'
        from /usr/local/lib/ruby/gems/2.1.0/gems/net-ssh-2.9.1/lib/net/ssh/transport/server_version.rb:43:in `loop'
        from /usr/local/lib/ruby/gems/2.1.0/gems/net-ssh-2.9.1/lib/net/ssh/transport/server_version.rb:43:in `negotiate!'
        from /usr/local/lib/ruby/gems/2.1.0/gems/net-ssh-2.9.1/lib/net/ssh/transport/server_version.rb:32:in `initialize'
        from /usr/local/lib/ruby/gems/2.1.0/gems/net-ssh-2.9.1/lib/net/ssh/transport/session.rb:84:in `new'
        from /usr/local/lib/ruby/gems/2.1.0/gems/net-ssh-2.9.1/lib/net/ssh/transport/session.rb:84:in `block in initialize'
        from /usr/local/lib/ruby/2.1.0/timeout.rb:76:in `timeout'
        from /usr/local/lib/ruby/2.1.0/timeout.rb:127:in `timeout'
        from /usr/local/lib/ruby/gems/2.1.0/gems/net-ssh-2.9.1/lib/net/ssh/transport/session.rb:84:in `initialize'
        from /usr/local/lib/ruby/gems/2.1.0/gems/net-ssh-2.9.1/lib/net/ssh.rb:202:in `new'
        from /usr/local/lib/ruby/gems/2.1.0/gems/net-ssh-2.9.1/lib/net/ssh.rb:202:in `start'
        from /usr/local/lib/ruby/gems/2.1.0/gems/net-ssh-gateway-1.2.0/lib/net/ssh/gateway.rb:74:in `initialize'
        from /usr/local/lib/ruby/gems/2.1.0/gems/capistrano-2.15.5/lib/capistrano/configuration/connections.rb:47:in `new'
        from /usr/local/lib/ruby/gems/2.1.0/gems/capistrano-2.15.5/lib/capistrano/configuration/connections.rb:47:in `block in add_gateway'
        from /usr/local/lib/ruby/gems/2.1.0/gems/capistrano-2.15.5/lib/capistrano/ssh.rb:87:in `connection_strategy'
        from /usr/local/lib/ruby/gems/2.1.0/gems/capistrano-2.15.5/lib/capistrano/configuration/connections.rb:46:in `add_gateway'
        from /usr/local/lib/ruby/gems/2.1.0/gems/capistrano-2.15.5/lib/capistrano/configuration/connections.rb:40:in `initialize'
        from /usr/local/lib/ruby/gems/2.1.0/gems/capistrano-2.15.5/lib/capistrano/configuration/connections.rb:112:in `new'
        from /usr/local/lib/ruby/gems/2.1.0/gems/capistrano-2.15.5/lib/capistrano/configuration/connections.rb:112:in `connection_factory'
        from /usr/local/lib/ruby/gems/2.1.0/gems/capistrano-2.15.5/lib/capistrano/configuration/connections.rb:126:in `establish_connections_to'
        from /usr/local/lib/ruby/gems/2.1.0/gems/capistrano-2.15.5/lib/capistrano/configuration/connections.rb:196:in `block in execute_on_servers'
        from /usr/local/lib/ruby/gems/2.1.0/gems/capistrano-2.15.5/lib/capistrano/configuration/connections.rb:194:in `each'
        from /usr/local/lib/ruby/gems/2.1.0/gems/capistrano-2.15.5/lib/capistrano/configuration/connections.rb:194:in `each_slice'
        from /usr/local/lib/ruby/gems/2.1.0/gems/capistrano-2.15.5/lib/capistrano/configuration/connections.rb:194:in `execute_on_servers'
        from /usr/local/lib/ruby/gems/2.1.0/gems/capistrano-2.15.5/lib/capistrano/configuration/actions/invocation.rb:196:in `run_tree'
        from /usr/local/lib/ruby/gems/2.1.0/gems/capistrano-2.15.5/lib/capistrano/configuration/actions/invocation.rb:155:in `run'
        from /usr/local/lib/ruby/gems/2.1.0/gems/capistrano-2.15.5/lib/capistrano/configuration/namespaces.rb:191:in `method_missing'
        from /usr/local/lib/ruby/gems/2.1.0/gems/capistrano-2.15.5/lib/capistrano/recipes/deploy.rb:220:in `block (2 levels) in load'
        from /usr/local/lib/ruby/gems/2.1.0/gems/capistrano-2.15.5/lib/capistrano/configuration/execution.rb:138:in `instance_eval'
        from /usr/local/lib/ruby/gems/2.1.0/gems/capistrano-2.15.5/lib/capistrano/configuration/execution.rb:138:in `invoke_task_directly'
        from /usr/local/lib/ruby/gems/2.1.0/gems/capistrano-2.15.5/lib/capistrano/configuration/callbacks.rb:25:in `invoke_task_directly_with_callbacks'
        from /usr/local/lib/ruby/gems/2.1.0/gems/capistrano-2.15.5/lib/capistrano/configuration/execution.rb:89:in `execute_task'
        from /usr/local/lib/ruby/gems/2.1.0/gems/capistrano-2.15.5/lib/capistrano/configuration/execution.rb:101:in `find_and_execute_task'
        from /usr/local/lib/ruby/gems/2.1.0/gems/capistrano-2.15.5/lib/capistrano/cli/execute.rb:46:in `block in execute_requested_actions'
        from /usr/local/lib/ruby/gems/2.1.0/gems/capistrano-2.15.5/lib/capistrano/cli/execute.rb:45:in `each'
        from /usr/local/lib/ruby/gems/2.1.0/gems/capistrano-2.15.5/lib/capistrano/cli/execute.rb:45:in `execute_requested_actions'
        from /usr/local/lib/ruby/gems/2.1.0/gems/capistrano-2.15.5/lib/capistrano/cli/help.rb:19:in `execute_requested_actions_with_help'
        from /usr/local/lib/ruby/gems/2.1.0/gems/capistrano-2.15.5/lib/capistrano/cli/execute.rb:34:in `execute!'
        from /usr/local/lib/ruby/gems/2.1.0/gems/capistrano-2.15.5/lib/capistrano/cli/execute.rb:14:in `execute'
        from /usr/local/lib/ruby/gems/2.1.0/gems/capistrano-2.15.5/bin/cap:4:in `<top (required)>'
        from /usr/local/bin/cap:23:in `load'
        from /usr/local/bin/cap:23:in `<main>'

おかしいので、さっきのロールバック

→完全ローカルで
bundle install
soacmini:bastion shn$ gem install libv8 -v '3.3.10.4'
Building native extensions.  This could take a while...
ERROR:  Error installing libv8:
        ERROR: Failed to build gem native extension.

    /usr/local/Cellar/ruby/2.1.1/bin/ruby extconf.rb
Checking for Python...*** extconf.rb failed ***
Could not create Makefile due to some reason, probably lack of necessary
libraries and/or headers.  Check the mkmf.log file for more details.  You may
need configuration options.

Provided configuration options:
        --with-opt-dir
        --with-opt-include
        --without-opt-include=${opt-dir}/include
        --with-opt-lib
        --without-opt-lib=${opt-dir}/lib
        --with-make-prog
        --without-make-prog
        --srcdir=.
        --curdir
        --ruby=/usr/local/Cellar/ruby/2.1.1/bin/ruby
Unable to build libv8: Python 3.x is unsupported by V8!

extconf failed, exit code 1

Gem files will remain installed in /usr/local/Cellar/ruby/2.1.1/lib/ruby/gems/2.1.0/gems/libv8-3.3.10.4 for inspection.
Results logged to /usr/local/Cellar/ruby/2.1.1/lib/ruby/gems/2.1.0/extensions/x86_64-darwin-13/2.1.0/libv8-3.3.10.4/gem_make.out

bugfix)
$ bundle update
$ bundle install

cap aborted!
LoadError: cannot load such file -- deploy
/Users/shn/develop/workspace/bitbucket/bastion/Capfile:3:in `load'
/Users/shn/develop/workspace/bitbucket/bastion/Capfile:3:in `<top (required)>'
(See full trace by running task with --trace)

capistranoのバージョンが複数あった
$ gem cleanup
それでも消えない物をuninstallした


**********UNICORN***********

/home/admin/bastion/config/unicorn.rb:4:in `reload': undefined method `worker_directory' for #<Unicorn::Configurator:0x34fe414> (NoMethodError)
        from /usr/local/lib/ruby/gems/2.1.0/gems/unicorn-4.8.3/lib/unicorn/configurator.rb:75:in `instance_eval'
        from /usr/local/lib/ruby/gems/2.1.0/gems/unicorn-4.8.3/lib/unicorn/configurator.rb:75:in `reload'
        from /usr/local/lib/ruby/gems/2.1.0/gems/unicorn-4.8.3/lib/unicorn/configurator.rb:68:in `initialize'
        from /usr/local/lib/ruby/gems/2.1.0/gems/unicorn-4.8.3/lib/unicorn/http_server.rb:100:in `new'
        from /usr/local/lib/ruby/gems/2.1.0/gems/unicorn-4.8.3/lib/unicorn/http_server.rb:100:in `initialize'
        from /usr/local/lib/ruby/gems/2.1.0/gems/unicorn-4.8.3/bin/unicorn_rails:209:in `new'
        from /usr/local/lib/ruby/gems/2.1.0/gems/unicorn-4.8.3/bin/unicorn_rails:209:in `<top (required)>'
        from /usr/local/bin/unicorn_rails:23:in `load'
        from /usr/local/bin/unicorn_rails:23:in `<main>'
master failed to start, check stderr log for details

bugfix)
worker_directory => working_directory


/usr/local/lib/ruby/2.1.0/fileutils.rb:250:in `mkdir': Permission denied @ dir_s_mkdir - tmp (Errno::EACCES)
        from /usr/local/lib/ruby/2.1.0/fileutils.rb:250:in `fu_mkdir'
        from /usr/local/lib/ruby/2.1.0/fileutils.rb:224:in `block (2 levels) in mkdir_p'
        from /usr/local/lib/ruby/2.1.0/fileutils.rb:222:in `reverse_each'
        from /usr/local/lib/ruby/2.1.0/fileutils.rb:222:in `block in mkdir_p'
        from /usr/local/lib/ruby/2.1.0/fileutils.rb:208:in `each'
        from /usr/local/lib/ruby/2.1.0/fileutils.rb:208:in `mkdir_p'
        from /usr/local/lib/ruby/gems/2.1.0/gems/unicorn-4.8.3/bin/unicorn_rails:202:in `block in <top (required)>'
        from /usr/local/lib/ruby/gems/2.1.0/gems/unicorn-4.8.3/lib/unicorn/configurator.rb:83:in `call'
        from /usr/local/lib/ruby/gems/2.1.0/gems/unicorn-4.8.3/lib/unicorn/configurator.rb:83:in `reload'
        from /usr/local/lib/ruby/gems/2.1.0/gems/unicorn-4.8.3/lib/unicorn/configurator.rb:68:in `initialize'
        from /usr/local/lib/ruby/gems/2.1.0/gems/unicorn-4.8.3/lib/unicorn/http_server.rb:100:in `new'
        from /usr/local/lib/ruby/gems/2.1.0/gems/unicorn-4.8.3/lib/unicorn/http_server.rb:100:in `initialize'
        from /usr/local/lib/ruby/gems/2.1.0/gems/unicorn-4.8.3/bin/unicorn_rails:209:in `new'
        from /usr/local/lib/ruby/gems/2.1.0/gems/unicorn-4.8.3/bin/unicorn_rails:209:in `<top (required)>'
        from /usr/local/bin/unicorn_rails:23:in `load'
        from /usr/local/bin/unicorn_rails:23:in `<main>'
master failed to start, check stderr log for details

bugfix)
chmod 777 /home/admin/bastion


/usr/local/lib/ruby/gems/2.1.0/gems/unicorn-4.8.3/lib/unicorn/configurator.rb:91:in `block in reload': directory for stderr_path=/home/admin/bastion/log/unicorn.stderr.log not writable (ArgumentError)
        from /usr/local/lib/ruby/gems/2.1.0/gems/unicorn-4.8.3/lib/unicorn/configurator.rb:87:in `each'
        from /usr/local/lib/ruby/gems/2.1.0/gems/unicorn-4.8.3/lib/unicorn/configurator.rb:87:in `reload'
        from /usr/local/lib/ruby/gems/2.1.0/gems/unicorn-4.8.3/lib/unicorn/configurator.rb:68:in `initialize'
        from /usr/local/lib/ruby/gems/2.1.0/gems/unicorn-4.8.3/lib/unicorn/http_server.rb:100:in `new'
        from /usr/local/lib/ruby/gems/2.1.0/gems/unicorn-4.8.3/lib/unicorn/http_server.rb:100:in `initialize'
        from /usr/local/lib/ruby/gems/2.1.0/gems/unicorn-4.8.3/bin/unicorn_rails:209:in `new'
        from /usr/local/lib/ruby/gems/2.1.0/gems/unicorn-4.8.3/bin/unicorn_rails:209:in `<top (required)>'
        from /usr/local/bin/unicorn_rails:23:in `load'
        from /usr/local/bin/unicorn_rails:23:in `<main>'
master failed to start, check stderr log for details

bugfix)
chmod 777 /home/admin/bastion/log


->unicorn.stderr.log
/usr/local/lib/ruby/gems/2.1.0/gems/execjs-2.2.1/lib/execjs/runtimes.rb:51:in `autodetect': Could not find a JavaScript runtime. See https://github.com/sstephenson/execjs for a list of available runtimes. (ExecJS::RuntimeUnavailable)
        from /usr/local/lib/ruby/gems/2.1.0/gems/execjs-2.2.1/lib/execjs.rb:5:in `<module:ExecJS>'
        from /usr/local/lib/ruby/gems/2.1.0/gems/execjs-2.2.1/lib/execjs.rb:4:in `<top (required)>'
        from /usr/local/lib/ruby/gems/2.1.0/gems/uglifier-2.5.3/lib/uglifier.rb:3:in `require'
        from /usr/local/lib/ruby/gems/2.1.0/gems/uglifier-2.5.3/lib/uglifier.rb:3:in `<top (required)>'
        from /usr/local/lib/ruby/gems/2.1.0/gems/bundler-1.7.2/lib/bundler/runtime.rb:76:in `require'
        from /usr/local/lib/ruby/gems/2.1.0/gems/bundler-1.7.2/lib/bundler/runtime.rb:76:in `block (2 levels) in require'
        from /usr/local/lib/ruby/gems/2.1.0/gems/bundler-1.7.2/lib/bundler/runtime.rb:72:in `each'
        from /usr/local/lib/ruby/gems/2.1.0/gems/bundler-1.7.2/lib/bundler/runtime.rb:72:in `block in require'
        from /usr/local/lib/ruby/gems/2.1.0/gems/bundler-1.7.2/lib/bundler/runtime.rb:61:in `each'
        from /usr/local/lib/ruby/gems/2.1.0/gems/bundler-1.7.2/lib/bundler/runtime.rb:61:in `require'
        from /usr/local/lib/ruby/gems/2.1.0/gems/bundler-1.7.2/lib/bundler.rb:133:in `require'
        from /home/admin/bastion/config/application.rb:15:in `<top (required)>'
        from /home/admin/bastion/config/environment.rb:2:in `require'
        from /home/admin/bastion/config/environment.rb:2:in `<top (required)>'
        from config.ru:4:in `require'
        from config.ru:4:in `block in <main>'
        from /usr/local/lib/ruby/gems/2.1.0/gems/rack-1.5.2/lib/rack/builder.rb:55:in `instance_eval'
        from /usr/local/lib/ruby/gems/2.1.0/gems/rack-1.5.2/lib/rack/builder.rb:55:in `initialize'
        from config.ru:1:in `new'
        from config.ru:1:in `<main>'
        from /usr/local/lib/ruby/gems/2.1.0/gems/unicorn-4.8.3/lib/unicorn.rb:48:in `eval'
        from /usr/local/lib/ruby/gems/2.1.0/gems/unicorn-4.8.3/lib/unicorn.rb:48:in `block in builder'
        from /usr/local/lib/ruby/gems/2.1.0/gems/unicorn-4.8.3/bin/unicorn_rails:139:in `call'
        from /usr/local/lib/ruby/gems/2.1.0/gems/unicorn-4.8.3/bin/unicorn_rails:139:in `block in rails_builder'
        from /usr/local/lib/ruby/gems/2.1.0/gems/unicorn-4.8.3/lib/unicorn/http_server.rb:764:in `call'
        from /usr/local/lib/ruby/gems/2.1.0/gems/unicorn-4.8.3/lib/unicorn/http_server.rb:764:in `build_app!'
        from /usr/local/lib/ruby/gems/2.1.0/gems/unicorn-4.8.3/lib/unicorn/http_server.rb:137:in `start'
        from /usr/local/lib/ruby/gems/2.1.0/gems/unicorn-4.8.3/bin/unicorn_rails:209:in `<top (required)>'
        from /usr/local/bin/unicorn_rails:23:in `load'
        from /usr/local/bin/unicorn_rails:23:in `<main>'

bugfix)
$ gem install libv8 -v '3.3.10.4' -- --with-system-v8
$ gem install therubyracer -v '0.10.2' -- --with-v8-dir


There was an error while trying to write to Gemfile.lock. It is likely that
you need to allow write permissions for the file at path:
/home/admin/bastion/Gemfile.lock

bugfix)
chmod 777 Gemfile.lock


I, [2014-08-26T15:19:49.903693 #2580]  INFO -- : Refreshing Gem list
/home/admin/bastion/app/models/test.rb:2:in `<class:Test>': uninitialized constant Test::Mongoid (NameError)
        from /home/admin/bastion/app/models/test.rb:1:in `<top (required)>'
        from /usr/local/lib/ruby/gems/2.1.0/gems/railties-4.1.2/lib/rails/engine.rb:468:in `block (2 levels) in eager_load!'
        from /usr/local/lib/ruby/gems/2.1.0/gems/railties-4.1.2/lib/rails/engine.rb:467:in `each'
        from /usr/local/lib/ruby/gems/2.1.0/gems/railties-4.1.2/lib/rails/engine.rb:467:in `block in eager_load!'
        from /usr/local/lib/ruby/gems/2.1.0/gems/railties-4.1.2/lib/rails/engine.rb:465:in `each'
        from /usr/local/lib/ruby/gems/2.1.0/gems/railties-4.1.2/lib/rails/engine.rb:465:in `eager_load!'
        from /usr/local/lib/ruby/gems/2.1.0/gems/railties-4.1.2/lib/rails/engine.rb:346:in `eager_load!'
        from /usr/local/lib/ruby/gems/2.1.0/gems/railties-4.1.2/lib/rails/application/finisher.rb:58:in `each'
        from /usr/local/lib/ruby/gems/2.1.0/gems/railties-4.1.2/lib/rails/application/finisher.rb:58:in `block in <module:Finisher>'
        from /usr/local/lib/ruby/gems/2.1.0/gems/railties-4.1.2/lib/rails/initializable.rb:30:in `instance_exec'
        from /usr/local/lib/ruby/gems/2.1.0/gems/railties-4.1.2/lib/rails/initializable.rb:30:in `run'
        from /usr/local/lib/ruby/gems/2.1.0/gems/railties-4.1.2/lib/rails/initializable.rb:55:in `block in run_initializers'
        from /usr/local/lib/ruby/2.1.0/tsort.rb:226:in `block in tsort_each'
        from /usr/local/lib/ruby/2.1.0/tsort.rb:348:in `block (2 levels) in each_strongly_connected_component'
        from /usr/local/lib/ruby/2.1.0/tsort.rb:427:in `each_strongly_connected_component_from'
        from /usr/local/lib/ruby/2.1.0/tsort.rb:347:in `block in each_strongly_connected_component'
        from /usr/local/lib/ruby/2.1.0/tsort.rb:345:in `each'
        from /usr/local/lib/ruby/2.1.0/tsort.rb:345:in `call'
        from /usr/local/lib/ruby/2.1.0/tsort.rb:345:in `each_strongly_connected_component'
        from /usr/local/lib/ruby/2.1.0/tsort.rb:224:in `tsort_each'
        from /usr/local/lib/ruby/2.1.0/tsort.rb:205:in `tsort_each'
        from /usr/local/lib/ruby/gems/2.1.0/gems/railties-4.1.2/lib/rails/initializable.rb:54:in `run_initializers'
        from /usr/local/lib/ruby/gems/2.1.0/gems/railties-4.1.2/lib/rails/application.rb:300:in `initialize!'
        from /home/admin/bastion/config/environment.rb:5:in `<top (required)>'
        from config.ru:4:in `require'
        from config.ru:4:in `block in <main>'
        from /usr/local/lib/ruby/gems/2.1.0/gems/rack-1.5.2/lib/rack/builder.rb:55:in `instance_eval'
        from /usr/local/lib/ruby/gems/2.1.0/gems/rack-1.5.2/lib/rack/builder.rb:55:in `initialize'
        from config.ru:1:in `new'
        from config.ru:1:in `<main>'
        from /usr/local/lib/ruby/gems/2.1.0/gems/unicorn-4.8.3/lib/unicorn.rb:48:in `eval'
        from /usr/local/lib/ruby/gems/2.1.0/gems/unicorn-4.8.3/lib/unicorn.rb:48:in `block in builder'
        from /usr/local/lib/ruby/gems/2.1.0/gems/unicorn-4.8.3/bin/unicorn_rails:139:in `call'
        from /usr/local/lib/ruby/gems/2.1.0/gems/unicorn-4.8.3/bin/unicorn_rails:139:in `block in rails_builder'
        from /usr/local/lib/ruby/gems/2.1.0/gems/unicorn-4.8.3/lib/unicorn/http_server.rb:764:in `call'
        from /usr/local/lib/ruby/gems/2.1.0/gems/unicorn-4.8.3/lib/unicorn/http_server.rb:764:in `build_app!'
        from /usr/local/lib/ruby/gems/2.1.0/gems/unicorn-4.8.3/lib/unicorn/http_server.rb:137:in `start'
        from /usr/local/lib/ruby/gems/2.1.0/gems/unicorn-4.8.3/bin/unicorn_rails:209:in `<top (required)>'
        from /usr/local/bin/unicorn_rails:23:in `load'
        from /usr/local/bin/unicorn_rails:23:in `<main>'

bugfix)
rm -f /home/admin/bastion/app/models/test.rb


I, [2014-08-26T15:21:58.588119 #2636]  INFO -- : Refreshing Gem list
I, [2014-08-26T15:22:02.003173 #2636]  INFO -- : listening on addr=/tmp/admin.sock fd=11
E, [2014-08-26T15:22:02.013789 #2636] ERROR -- : Unknown database 'bastion_prod'Run `$ bin/rake db:create db:migrate` to create your database (ActiveRecord::NoDatabaseError)
/usr/local/lib/ruby/gems/2.1.0/gems/activerecord-4.1.2/lib/active_record/connection_adapters/mysql2_adapter.rb:23:in `rescue in mysql2_connection'
/usr/local/lib/ruby/gems/2.1.0/gems/activerecord-4.1.2/lib/active_record/connection_adapters/mysql2_adapter.rb:10:in `mysql2_connection'
/usr/local/lib/ruby/gems/2.1.0/gems/activerecord-4.1.2/lib/active_record/connection_adapters/abstract/connection_pool.rb:435:in `new_connection'
/usr/local/lib/ruby/gems/2.1.0/gems/activerecord-4.1.2/lib/active_record/connection_adapters/abstract/connection_pool.rb:445:in `checkout_new_connection'
/usr/local/lib/ruby/gems/2.1.0/gems/activerecord-4.1.2/lib/active_record/connection_adapters/abstract/connection_pool.rb:416:in `acquire_connection'
/usr/local/lib/ruby/gems/2.1.0/gems/activerecord-4.1.2/lib/active_record/connection_adapters/abstract/connection_pool.rb:351:in `block in checkout'
/usr/local/lib/ruby/2.1.0/monitor.rb:211:in `mon_synchronize'
/usr/local/lib/ruby/gems/2.1.0/gems/activerecord-4.1.2/lib/active_record/connection_adapters/abstract/connection_pool.rb:350:in `checkout'
/usr/local/lib/ruby/gems/2.1.0/gems/activerecord-4.1.2/lib/active_record/connection_adapters/abstract/connection_pool.rb:265:in `block in connection'
/usr/local/lib/ruby/2.1.0/monitor.rb:211:in `mon_synchronize'
/usr/local/lib/ruby/gems/2.1.0/gems/activerecord-4.1.2/lib/active_record/connection_adapters/abstract/connection_pool.rb:264:in `connection'
/usr/local/lib/ruby/gems/2.1.0/gems/activerecord-4.1.2/lib/active_record/connection_adapters/abstract/connection_pool.rb:541:in `retrieve_connection'
/usr/local/lib/ruby/gems/2.1.0/gems/activerecord-4.1.2/lib/active_record/connection_handling.rb:113:in `retrieve_connection'
/usr/local/lib/ruby/gems/2.1.0/gems/activerecord-4.1.2/lib/active_record/connection_handling.rb:87:in `connection'
/home/admin/bastion/config/unicorn.rb:13:in `block in reload'
/usr/local/lib/ruby/gems/2.1.0/gems/unicorn-4.8.3/lib/unicorn/http_server.rb:519:in `call'
/usr/local/lib/ruby/gems/2.1.0/gems/unicorn-4.8.3/lib/unicorn/http_server.rb:519:in `spawn_missing_workers'
/usr/local/lib/ruby/gems/2.1.0/gems/unicorn-4.8.3/lib/unicorn/http_server.rb:140:in `start'
/usr/local/lib/ruby/gems/2.1.0/gems/unicorn-4.8.3/bin/unicorn_rails:209:in `<top (required)>'
/usr/local/bin/unicorn_rails:23:in `load'
/usr/local/bin/unicorn_rails:23:in `<main>'

bugfix)
bastion_prodを作った


I, [2014-08-26T15:28:46.963447 #2731]  INFO -- : Refreshing Gem list
I, [2014-08-26T15:28:50.538026 #2731]  INFO -- : unlinking existing socket=/tmp/admin.sock
I, [2014-08-26T15:28:50.538537 #2731]  INFO -- : listening on addr=/tmp/admin.sock fd=11
E, [2014-08-26T15:28:50.551613 #2731] ERROR -- : undefined method `worker_processed' for #<Unicorn::HttpServer:0x2dd6c18> (NoMethodError)
/home/admin/bastion/config/unicorn.rb:17:in `block in reload'
/usr/local/lib/ruby/gems/2.1.0/gems/unicorn-4.8.3/lib/unicorn/http_server.rb:519:in `call'
/usr/local/lib/ruby/gems/2.1.0/gems/unicorn-4.8.3/lib/unicorn/http_server.rb:519:in `spawn_missing_workers'
/usr/local/lib/ruby/gems/2.1.0/gems/unicorn-4.8.3/lib/unicorn/http_server.rb:140:in `start'
/usr/local/lib/ruby/gems/2.1.0/gems/unicorn-4.8.3/bin/unicorn_rails:209:in `<top (required)>'
/usr/local/bin/unicorn_rails:23:in `load'
/usr/local/bin/unicorn_rails:23:in `<main>'

bugfix)
worker_processed=>worker_processes


I, [2014-08-26T15:30:56.538205 #2759]  INFO -- : Refreshing Gem list
I, [2014-08-26T15:30:59.908745 #2759]  INFO -- : unlinking existing socket=/tmp/admin.sock
I, [2014-08-26T15:30:59.909002 #2759]  INFO -- : listening on addr=/tmp/admin.sock fd=11
E, [2014-08-26T15:30:59.916260 #2759] ERROR -- : undefined method `Fileread' for #<Unicorn::Configurator:0x2f42a98> (NoMethodError)
/home/admin/bastion/config/unicorn.rb:18:in `block in reload'
/usr/local/lib/ruby/gems/2.1.0/gems/unicorn-4.8.3/lib/unicorn/http_server.rb:519:in `call'
/usr/local/lib/ruby/gems/2.1.0/gems/unicorn-4.8.3/lib/unicorn/http_server.rb:519:in `spawn_missing_workers'
/usr/local/lib/ruby/gems/2.1.0/gems/unicorn-4.8.3/lib/unicorn/http_server.rb:140:in `start'
/usr/local/lib/ruby/gems/2.1.0/gems/unicorn-4.8.3/bin/unicorn_rails:209:in `<top (required)>'
/usr/local/bin/unicorn_rails:23:in `load'
/usr/local/bin/unicorn_rails:23:in `<main>'

bugfix)
Fileread=>File.read

****成功した！！！！！


[root@pollseed bastion]# chkconfig admin on
サービス admin は、chkconfig をサポートしていません。

bugfix)
/etc/rc.d/init.d/adminに追記
#!/bin/sh
#
# admin                 Startup script for admin (a rails app)
#
# chkconfig: - 85 15
# description: admin -- a rails app
